android/app/build/intermediates/manifest_merge_blame_file/debug/manifest-merger-blame-debug-report.txt
1<?xml version="1.0" encoding="utf-8"?>
2<manifest xmlns:android="http://schemas.android.com/apk/res/android"
3    package="ge.bestline.delivery.mobile"
4    android:versionCode="1"
5    android:versionName="1.0.0" >
6
7    <uses-sdk
8        android:minSdkVersion="21"
9        android:targetSdkVersion="30" />
10
11    <uses-permission android:name="android.permission.SYSTEM_ALERT_WINDOW" />
11-->src/main/AndroidManifest.xml:4:3-75
11-->src/main/AndroidManifest.xml:4:20-73
12    <uses-permission android:name="android.permission.INTERNET" />
12-->src/main/AndroidManifest.xml:2:3-64
12-->src/main/AndroidManifest.xml:2:20-62
13    <uses-permission android:name="android.permission.READ_EXTERNAL_STORAGE" />
13-->src/main/AndroidManifest.xml:3:3-77
13-->src/main/AndroidManifest.xml:3:20-75
14    <uses-permission android:name="android.permission.VIBRATE" />
14-->src/main/AndroidManifest.xml:5:3-63
14-->src/main/AndroidManifest.xml:5:20-61
15    <uses-permission android:name="android.permission.WRITE_EXTERNAL_STORAGE" />
15-->src/main/AndroidManifest.xml:6:3-78
15-->src/main/AndroidManifest.xml:6:20-76
16
17    <queries>
17-->src/main/AndroidManifest.xml:7:3-13:13
18        <intent>
18-->src/main/AndroidManifest.xml:8:5-12:14
19            <action android:name="android.intent.action.VIEW" />
19-->src/main/AndroidManifest.xml:9:7-58
19-->src/main/AndroidManifest.xml:9:15-56
20
21            <category android:name="android.intent.category.BROWSABLE" />
21-->src/main/AndroidManifest.xml:10:7-67
21-->src/main/AndroidManifest.xml:10:17-65
22
23            <data android:scheme="https" />
23-->src/main/AndroidManifest.xml:11:7-37
23-->src/main/AndroidManifest.xml:11:13-35
24        </intent>
25        <!-- Query open documents -->
26        <intent>
26-->[:expo-file-system] AndroidManifest.xml:19:9-21:18
27            <action android:name="android.intent.action.OPEN_DOCUMENT_TREE" />
27-->[:expo-file-system] AndroidManifest.xml:20:13-79
27-->[:expo-file-system] AndroidManifest.xml:20:21-76
28        </intent>
29    </queries>
30
31    <uses-permission android:name="android.permission.ACCESS_WIFI_STATE" />
31-->[com.facebook.flipper:flipper:0.54.0] AndroidManifest.xml:16:5-76
31-->[com.facebook.flipper:flipper:0.54.0] AndroidManifest.xml:16:22-73
32    <uses-permission android:name="android.permission.READ_PHONE_STATE" />
33    <uses-permission android:name="com.google.android.finsky.permission.BIND_GET_INSTALL_REFERRER_SERVICE" />
33-->[com.android.installreferrer:installreferrer:1.0] AndroidManifest.xml:9:5-110
33-->[com.android.installreferrer:installreferrer:1.0] AndroidManifest.xml:9:22-107
34
35    <application
35-->src/main/AndroidManifest.xml:14:3-32:17
36        android:name="ge.bestline.delivery.mobile.MainApplication"
36-->src/main/AndroidManifest.xml:14:16-47
37        android:allowBackup="true"
37-->src/main/AndroidManifest.xml:14:162-188
38        android:appComponentFactory="androidx.core.app.CoreComponentFactory"
38-->[androidx.core:core:1.6.0] AndroidManifest.xml:24:18-86
39        android:debuggable="true"
40        android:icon="@mipmap/ic_launcher"
40-->src/main/AndroidManifest.xml:14:81-115
41        android:label="@string/app_name"
41-->src/main/AndroidManifest.xml:14:48-80
42        android:roundIcon="@mipmap/ic_launcher_round"
42-->src/main/AndroidManifest.xml:14:116-161
43        android:theme="@style/AppTheme"
43-->src/main/AndroidManifest.xml:14:189-220
44        android:usesCleartextTraffic="true" >
44-->src/main/AndroidManifest.xml:14:221-256
45        <meta-data
45-->src/main/AndroidManifest.xml:15:5-82
46            android:name="expo.modules.updates.ENABLED"
46-->src/main/AndroidManifest.xml:15:16-59
47            android:value="true" />
47-->src/main/AndroidManifest.xml:15:60-80
48        <meta-data
48-->src/main/AndroidManifest.xml:16:5-93
49            android:name="expo.modules.updates.EXPO_SDK_VERSION"
49-->src/main/AndroidManifest.xml:16:16-68
50            android:value="44.0.0" />
50-->src/main/AndroidManifest.xml:16:69-91
51        <meta-data
51-->src/main/AndroidManifest.xml:17:5-105
52            android:name="expo.modules.updates.EXPO_UPDATES_CHECK_ON_LAUNCH"
52-->src/main/AndroidManifest.xml:17:16-80
53            android:value="ALWAYS" />
53-->src/main/AndroidManifest.xml:17:81-103
54        <meta-data
54-->src/main/AndroidManifest.xml:18:5-99
55            android:name="expo.modules.updates.EXPO_UPDATES_LAUNCH_WAIT_MS"
55-->src/main/AndroidManifest.xml:18:16-79
56            android:value="0" />
56-->src/main/AndroidManifest.xml:18:80-97
57
58        <activity
58-->src/main/AndroidManifest.xml:19:5-30:16
59            android:name="ge.bestline.delivery.mobile.MainActivity"
59-->src/main/AndroidManifest.xml:19:15-43
60            android:configChanges="keyboard|keyboardHidden|orientation|screenSize|uiMode"
60-->src/main/AndroidManifest.xml:19:77-154
61            android:label="@string/app_name"
61-->src/main/AndroidManifest.xml:19:44-76
62            android:launchMode="singleTask"
62-->src/main/AndroidManifest.xml:19:155-186
63            android:screenOrientation="portrait"
63-->src/main/AndroidManifest.xml:19:276-312
64            android:theme="@style/Theme.App.SplashScreen"
64-->src/main/AndroidManifest.xml:19:230-275
65            android:windowSoftInputMode="adjustResize" >
65-->src/main/AndroidManifest.xml:19:187-229
66            <intent-filter>
66-->src/main/AndroidManifest.xml:20:7-23:23
67                <action android:name="android.intent.action.MAIN" />
67-->src/main/AndroidManifest.xml:21:9-60
67-->src/main/AndroidManifest.xml:21:17-58
68
69                <category android:name="android.intent.category.LAUNCHER" />
69-->src/main/AndroidManifest.xml:22:9-68
69-->src/main/AndroidManifest.xml:22:19-66
70            </intent-filter>
71            <intent-filter>
71-->src/main/AndroidManifest.xml:24:7-29:23
72                <action android:name="android.intent.action.VIEW" />
72-->src/main/AndroidManifest.xml:9:7-58
72-->src/main/AndroidManifest.xml:9:15-56
73
74                <category android:name="android.intent.category.DEFAULT" />
74-->src/main/AndroidManifest.xml:26:9-67
74-->src/main/AndroidManifest.xml:26:19-65
75                <category android:name="android.intent.category.BROWSABLE" />
75-->src/main/AndroidManifest.xml:10:7-67
75-->src/main/AndroidManifest.xml:10:17-65
76
77                <data android:scheme="ge.bestline.delivery.mobile" />
77-->src/main/AndroidManifest.xml:11:7-37
77-->src/main/AndroidManifest.xml:11:13-35
78            </intent-filter>
79        </activity>
80        <activity android:name="com.facebook.react.devsupport.DevSettingsActivity" />
80-->src/main/AndroidManifest.xml:31:5-81
80-->src/main/AndroidManifest.xml:31:15-79
81
82        <provider
82-->[:react-native-webview] AndroidManifest.xml:12:9-20:20
83            android:name="com.reactnativecommunity.webview.RNCWebViewFileProvider"
83-->[:react-native-webview] AndroidManifest.xml:13:13-83
84            android:authorities="ge.bestline.delivery.mobile.fileprovider"
84-->[:react-native-webview] AndroidManifest.xml:14:13-64
85            android:exported="false"
85-->[:react-native-webview] AndroidManifest.xml:15:13-37
86            android:grantUriPermissions="true" >
86-->[:react-native-webview] AndroidManifest.xml:16:13-47
87            <meta-data
87-->[:react-native-webview] AndroidManifest.xml:17:13-19:63
88                android:name="android.support.FILE_PROVIDER_PATHS"
88-->[:react-native-webview] AndroidManifest.xml:18:17-67
89                android:resource="@xml/file_provider_paths" />
89-->[:react-native-webview] AndroidManifest.xml:19:17-60
90        </provider>
91        <provider
91-->[:expo-file-system] AndroidManifest.xml:25:9-34:20
92            android:name="expo.modules.filesystem.FileSystemFileProvider"
92-->[:expo-file-system] AndroidManifest.xml:26:13-74
93            android:authorities="ge.bestline.delivery.mobile.FileSystemFileProvider"
93-->[:expo-file-system] AndroidManifest.xml:27:13-74
94            android:exported="false"
94-->[:expo-file-system] AndroidManifest.xml:28:13-37
95            android:grantUriPermissions="true" >
95-->[:expo-file-system] AndroidManifest.xml:29:13-47
96            <meta-data
96-->[:react-native-webview] AndroidManifest.xml:17:13-19:63
97                android:name="android.support.FILE_PROVIDER_PATHS"
97-->[:react-native-webview] AndroidManifest.xml:18:17-67
98                android:resource="@xml/file_system_provider_paths" />
98-->[:react-native-webview] AndroidManifest.xml:19:17-60
99        </provider>
100
101        <meta-data
101-->[:expo-modules-core] AndroidManifest.xml:12:9-14:89
102            android:name="org.unimodules.core.AppLoader#react-native-headless"
102-->[:expo-modules-core] AndroidManifest.xml:13:13-79
103            android:value="expo.modules.adapters.react.apploader.RNHeadlessAppLoader" />
103-->[:expo-modules-core] AndroidManifest.xml:14:13-86
104    </application>
105
106</manifest>